\BOOKMARK [0][-]{chapter.1}{Crisi della fisica classica}{}% 1
\BOOKMARK [1][-]{section.1.1}{Lo spettro di corpo nero}{chapter.1}% 2
\BOOKMARK [1][-]{section.1.2}{L'effetto fotoelettrico}{chapter.1}% 3
\BOOKMARK [1][-]{section.1.3}{L'effetto Compton}{chapter.1}% 4
\BOOKMARK [1][-]{section.1.4}{Diffrazione degli elettroni}{chapter.1}% 5
\BOOKMARK [1][-]{section.1.5}{L'esperimento di Rutherford e gli spettri atomici}{chapter.1}% 6
\BOOKMARK [0][-]{chapter.2}{Principi fondamentali della M.Q.}{}% 7
\BOOKMARK [1][-]{section.2.1}{Probabilit\340 e ampiezza di probabilit\340}{chapter.2}% 8
\BOOKMARK [1][-]{section.2.2}{Il principio di indeterminazione}{chapter.2}% 9
\BOOKMARK [2][-]{subsection.2.2.1}{Il principio di indeterminazione e l'esperimento delle due fenditure}{section.2.2}% 10
\BOOKMARK [0][-]{chapter.3}{Formalismo Generale della M.Q.}{}% 11
\BOOKMARK [1][-]{section.3.1}{L'esperimento di Stern e Gerlach}{chapter.3}% 12
\BOOKMARK [1][-]{section.3.2}{Esperimenti di Stern e Gerlach Ripetuti}{chapter.3}% 13
\BOOKMARK [1][-]{section.3.3}{Principio di sovrapposizione}{chapter.3}% 14
\BOOKMARK [1][-]{section.3.4}{Operatori}{chapter.3}% 15
\BOOKMARK [1][-]{section.3.5}{Prodotto di Operatori}{chapter.3}% 16
\BOOKMARK [1][-]{section.3.6}{Cambiamenti di Base e Trasformazioni Unitarie}{chapter.3}% 17
\BOOKMARK [1][-]{section.3.7}{Esempio:Particelle di Spin 1/2}{chapter.3}% 18
\BOOKMARK [0][-]{chapter.4}{Misure e osservabili}{}% 19
\BOOKMARK [1][-]{section.4.1}{Autovalori ed autovettori di osservabili}{chapter.4}% 20
\BOOKMARK [1][-]{section.4.2}{Autovettori di osservabili come vettori di base}{chapter.4}% 21
\BOOKMARK [2][-]{subsection.4.2.1}{Misura selettiva}{section.4.2}% 22
\BOOKMARK [1][-]{section.4.3}{Osservabili compatibili ed operatori commutanti}{chapter.4}% 23
\BOOKMARK [1][-]{section.4.4}{Osservabili incompatibili e relazione di indeterminazione}{chapter.4}% 24
\BOOKMARK [1][-]{section.4.5}{Esempio: autovalori ed autovettori dello spin per particelle di spin 1/2 e relazioni di indeterminazione}{chapter.4}% 25
\BOOKMARK [0][-]{chapter.5}{Autostati dell'operatore di posizione}{}% 26
\BOOKMARK [1][-]{section.5.1}{Normalizzazione degli autostati dell'operatore di posizione e funzione Delta di Dirac}{chapter.5}% 27
\BOOKMARK [1][-]{section.5.2}{Operatori nella rappresentazione delle coordinate}{chapter.5}% 28
\BOOKMARK [1][-]{section.5.3}{Regole di commutazione per gli operatori di posizione}{chapter.5}% 29
\BOOKMARK [0][-]{chapter.6}{Richiami di Meccanica Classica}{}% 30
\BOOKMARK [1][-]{section.6.1}{Parentesi di Poisson}{chapter.6}% 31
\BOOKMARK [1][-]{section.6.2}{Trasformazioni Canoniche}{chapter.6}% 32
\BOOKMARK [1][-]{section.6.3}{Trasformazioni infinitesime e corrispondenti generatori}{chapter.6}% 33
\BOOKMARK [0][-]{chapter.7}{Traslazioni e impulso}{}% 34
\BOOKMARK [1][-]{section.7.1}{Le regole di commutazione canoniche e la relazione di indeterminazione di Heisenberg}{chapter.7}% 35
\BOOKMARK [1][-]{section.7.2}{L'operatore impulso nella rappresentazione delle coordinate. Autofunzioni dell'impulso}{chapter.7}% 36
\BOOKMARK [1][-]{section.7.3}{Funzioni d'onda nella rappresentazione degli impulsi}{chapter.7}% 37
\BOOKMARK [1][-]{section.7.4}{Pacchetti d'onda gaussiani}{chapter.7}% 38
\BOOKMARK [1][-]{section.7.5}{Operatore posizione nella rappresentazione degli impulsi}{chapter.7}% 39
\BOOKMARK [0][-]{chapter.8}{Dinamica Quantistica}{}% 40
\BOOKMARK [1][-]{section.8.1}{Evoluzione temporale degli stati}{chapter.8}% 41
\BOOKMARK [1][-]{section.8.2}{Stati stazionari}{chapter.8}% 42
\BOOKMARK [1][-]{section.8.3}{ Equazione d'onda di Schr\366dinger}{chapter.8}% 43
\BOOKMARK [1][-]{section.8.4}{Densit\340 di corrente ed equazione di continuit\340}{chapter.8}% 44
\BOOKMARK [0][-]{chapter.9}{Operatore di parit\340}{}% 45
\BOOKMARK [0][-]{chapter.10}{Problemi Unidimensionali}{}% 46
\BOOKMARK [1][-]{section.10.1}{Propriet\340 generali dell'equazione di Schr\366dinger}{chapter.10}% 47
\BOOKMARK [1][-]{section.10.2}{Particella su un segmento \(buca di potenziale infinita\)}{chapter.10}% 48
\BOOKMARK [1][-]{section.10.3}{Buca di potenziale: stati legati}{chapter.10}% 49
\BOOKMARK [1][-]{section.10.4}{Gradino di potenziale}{chapter.10}% 50
\BOOKMARK [1][-]{section.10.5}{Barriera di potenziale - effetto tunnel}{chapter.10}% 51
\BOOKMARK [2][-]{subsection.10.5.1}{Emissione fredda}{section.10.5}% 52
\BOOKMARK [2][-]{subsection.10.5.2}{Decadimento alfa}{section.10.5}% 53
\BOOKMARK [1][-]{section.10.6}{Risoluzione dell'eq. di Schr\366dinger per la barriera di potenziale in termini di f.d.o. simmetriche e anti-simmetriche}{chapter.10}% 54
\BOOKMARK [1][-]{section.10.7}{Risoluzione dell'eq. di Schr\366dinger per la barriera di potenziale nel limite a 1}{chapter.10}% 55
\BOOKMARK [0][-]{chapter.11}{Oscillatore Armonico}{}% 56
\BOOKMARK [0][-]{chapter.12}{Simmetrie e Leggi di Conservazione}{}% 57
\BOOKMARK [1][-]{section.12.1}{Derivata di un operatore rispetto al tempo}{chapter.12}% 58
\BOOKMARK [1][-]{section.12.2}{Simmetrie e leggi di conservazione in meccanica quantistica}{chapter.12}% 59
\BOOKMARK [1][-]{section.12.3}{Teorema di Ehrenfest}{chapter.12}% 60
\BOOKMARK [0][-]{chapter.13}{Rappresentazioni di Schr\366dinger e di Heisenberg}{}% 61
\BOOKMARK [0][-]{chapter.14}{T.d.P. indipendenti dal tempo}{}% 62
\BOOKMARK [1][-]{section.14.1}{Caso non degenere}{chapter.14}% 63
\BOOKMARK [1][-]{section.14.2}{Caso degenere}{chapter.14}% 64
\BOOKMARK [0][-]{chapter.15}{T.d.P. dipendenti dal tempo}{}% 65
\BOOKMARK [1][-]{section.15.1}{Transizione per effetto di una perturbazione costante e relazione di indeterminazione tempo-energia}{chapter.15}% 66
\BOOKMARK [1][-]{section.15.2}{Transizioni per effetto di una perturbazione periodica}{chapter.15}% 67
\BOOKMARK [0][-]{chapter.16}{Momento angolare}{}% 68
\BOOKMARK [1][-]{section.16.1}{Rotazioni, momento angolare e regole di commutazione}{chapter.16}% 69
\BOOKMARK [1][-]{section.16.2}{Autovalori ed elementi di matrice degli operatori di momento angolare}{chapter.16}% 70
\BOOKMARK [0][-]{chapter.17}{Momento angolare orbitale}{}% 71
\BOOKMARK [1][-]{section.17.1}{Autovalori del momento angolare orbitale e armoniche sferiche}{chapter.17}% 72
\BOOKMARK [0][-]{chapter.18}{Spin}{}% 73
\BOOKMARK [1][-]{section.18.1}{Operatori di spin e formalismo di Pauli per spin 1/2}{chapter.18}% 74
\BOOKMARK [0][-]{chapter.19}{Composizione di momenti angolari}{}% 75
\BOOKMARK [1][-]{section.19.1}{Coefficienti di Clebsh-Gordan}{chapter.19}% 76
\BOOKMARK [1][-]{section.19.2}{Composizione di due momenti angolari di spin 1/2. Stati di tripletto e di singoletto}{chapter.19}% 77
\BOOKMARK [1][-]{section.19.3}{Composizione dei momenti angolari orbitale e di spin per una particella di spin 1/2}{chapter.19}% 78
\BOOKMARK [0][-]{chapter.20}{Particelle identiche}{}% 79
\BOOKMARK [1][-]{section.20.1}{Funzioni d'onda per un sistema composto da due particelle identiche ed interazione di scambio}{chapter.20}% 80
\BOOKMARK [0][-]{chapter.21}{Atomo di idrogeno}{}% 81
\BOOKMARK [1][-]{section.21.1}{Il problema dei due corpi e il moto in un campo centrale }{chapter.21}% 82
\BOOKMARK [1][-]{section.21.2}{Campo Coulombiano}{chapter.21}% 83
\BOOKMARK [1][-]{section.21.3}{Modello di Bohr dell'atomo di idrogeno \(1913\)}{chapter.21}% 84
\BOOKMARK [1][-]{section.21.4}{Trucchi con le costanti fondamentali}{chapter.21}% 85
\BOOKMARK [1][-]{section.21.5}{Raggio classico dell'elettrone}{chapter.21}% 86
\BOOKMARK [0][-]{chapter.22}{Particella in campo elettromagnetico}{}% 87
\BOOKMARK [0][-]{chapter.23}{Effetto Stark}{}% 88
\BOOKMARK [0][-]{chapter.24}{Atomo in un campo magnetico}{}% 89
\BOOKMARK [1][-]{section.24.1}{Effetto Zeeman}{chapter.24}% 90
\BOOKMARK [1][-]{section.24.2}{Effetto Paschen-Back}{chapter.24}% 91
\BOOKMARK [0][-]{chapter.25}{Correzioni relativistiche all'atomo di idrogeno}{}% 92
\BOOKMARK [1][-]{section.25.1}{Termine cinetico}{chapter.25}% 93
\BOOKMARK [1][-]{section.25.2}{Accoppiamento spin-orbita}{chapter.25}% 94
\BOOKMARK [1][-]{section.25.3}{Calcolo perturbativo delle correzioni}{chapter.25}% 95
